yarn run v1.22.22
$ craco build
node.exe : (node:15600) [DEP0176] DeprecationWarning: fs.F_OK is 
deprecated, use fs.constants.F_OK instead
At C:\Users\Navneet\AppData\Roaming\npm\yarn.ps1:24 char:5
+     & "node$exe"  "$basedir/node_modules/yarn/bin/yarn.js" $args
+     ~~~~~~~~~~~~~~~~~~~~~~~~~~~~~~~~~~~~~~~~~~~~~~~~~~~~~~~~~~~~
    + CategoryInfo          : NotSpecified: ((node:15600) [D...ts.F_OK i 
   nstead:String) [], RemoteException
    + FullyQualifiedErrorId : NativeCommandError
 
(Use `node --trace-deprecation ...` to show where the warning was 
created)
Creating an optimized production build...

Treating warnings as errors because process.env.CI = true.
Most CI servers set it automatically.

Failed to compile.

[eslint] 
src\pages\BudgetAgent.js
  Line 21:6:  React Hook useEffect has a missing dependency: 'fetchBudgets'. Either include it or remove the dependency array  react-hooks/exhaustive-deps

src\pages\ContentAgent.js
  Line 19:6:  React Hook useEffect has a missing dependency: 'fetchContent'. Either include it or remove the dependency array  react-hooks/exhaustive-deps

src\pages\Dashboard.js
  Line 27:6:  React Hook useEffect has a missing dependency: 'checkHealth'. Either include it or remove the dependency array  react-hooks/exhaustive-deps

src\pages\EmailAgent.js
  Line 22:6:  React Hook useEffect has a missing dependency: 'fetchRegistrations'. Either include it or remove the dependency array  react-hooks/exhaustive-deps

src\pages\SchedulerAgent.js
  Line 18:6:  React Hook useEffect has a missing dependency: 'fetchSchedules'. Either include it or remove the dependency array  react-hooks/exhaustive-deps

src\pages\VolunteerAgent.js
  Line 19:6:  React Hook useEffect has a missing dependency: 'fetchVolunteers'. Either include it or remove the dependency array  react-hooks/exhaustive-deps


error Command failed with exit code 1.
info Visit https://yarnpkg.com/en/docs/cli/run for documentation about this command.
